# JRE version: OpenJDK Runtime Environment (11.0.12+7) (build 11.0.12+7-b1504.28-7817840)
# Java VM: OpenJDK 64-Bit Server VM (11.0.12+7-b1504.28-7817840, mixed mode, tiered, compressed oops, g1 gc, windows-amd64)
Heap:
 garbage-first heap   total 115712K, used 91146K [0x0000000080000000, 0x0000000100000000)
  region size 1024K, 16 young (16384K), 2 survivors (2048K)
 Metaspace       used 89444K, capacity 91528K, committed 91776K, reserved 1128448K
  class space    used 11327K, capacity 12134K, committed 12160K, reserved 1048576K
GC Heap History (20 events):
Event: 18.406 GC heap before
{Heap before GC invocations=34 (full 0):
 garbage-first heap   total 96256K, used 79489K [0x0000000080000000, 0x0000000100000000)
  region size 1024K, 18 young (18432K), 3 survivors (3072K)
 Metaspace       used 82656K, capacity 84578K, committed 84736K, reserved 1122304K
  class space    used 10723K, capacity 11424K, committed 11520K, reserved 1048576K
}
Event: 18.421 GC heap after
{Heap after GC invocations=35 (full 0):
 garbage-first heap   total 115712K, used 66683K [0x0000000080000000, 0x0000000100000000)
  region size 1024K, 2 young (2048K), 2 survivors (2048K)
 Metaspace       used 82656K, capacity 84578K, committed 84736K, reserved 1122304K
  class space    used 10723K, capacity 11424K, committed 11520K, reserved 1048576K
}
Event: 20.018 GC heap before
{Heap before GC invocations=35 (full 0):
 garbage-first heap   total 115712K, used 87163K [0x0000000080000000, 0x0000000100000000)
  region size 1024K, 23 young (23552K), 2 survivors (2048K)
 Metaspace       used 83900K, capacity 85912K, committed 86272K, reserved 1124352K
  class space    used 10907K, capacity 11671K, committed 11776K, reserved 1048576K
}
Event: 20.025 GC heap after
{Heap after GC invocations=36 (full 0):
 garbage-first heap   total 115712K, used 68832K [0x0000000080000000, 0x0000000100000000)
  region size 1024K, 3 young (3072K), 3 survivors (3072K)
 Metaspace       used 83900K, capacity 85912K, committed 86272K, reserved 1124352K
  class space    used 10907K, capacity 11671K, committed 11776K, reserved 1048576K
}
Event: 21.281 GC heap before
{Heap before GC invocations=37 (full 0):
 garbage-first heap   total 115712K, used 88288K [0x0000000080000000, 0x0000000100000000)
  region size 1024K, 23 young (23552K), 3 survivors (3072K)
 Metaspace       used 84089K, capacity 86125K, committed 86272K, reserved 1124352K
  class space    used 10909K, capacity 11673K, committed 11776K, reserved 1048576K
}
Event: 21.285 GC heap after
{Heap after GC invocations=38 (full 0):
 garbage-first heap   total 115712K, used 69904K [0x0000000080000000, 0x0000000100000000)
  region size 1024K, 2 young (2048K), 2 survivors (2048K)
 Metaspace       used 84089K, capacity 86125K, committed 86272K, reserved 1124352K
  class space    used 10909K, capacity 11673K, committed 11776K, reserved 1048576K
}
Event: 21.692 GC heap before
{Heap before GC invocations=38 (full 0):
 garbage-first heap   total 115712K, used 90384K [0x0000000080000000, 0x0000000100000000)
  region size 1024K, 23 young (23552K), 2 survivors (2048K)
 Metaspace       used 84300K, capacity 86364K, committed 86528K, reserved 1124352K
  class space    used 10919K, capacity 11684K, committed 11776K, reserved 1048576K
}
Event: 21.698 GC heap after
{Heap after GC invocations=39 (full 0):
 garbage-first heap   total 115712K, used 71424K [0x0000000080000000, 0x0000000100000000)
  region size 1024K, 3 young (3072K), 3 survivors (3072K)
 Metaspace       used 84300K, capacity 86364K, committed 86528K, reserved 1124352K
  class space    used 10919K, capacity 11684K, committed 11776K, reserved 1048576K
}
Event: 22.430 GC heap before
{Heap before GC invocations=40 (full 0):
 garbage-first heap   total 115712K, used 91904K [0x0000000080000000, 0x0000000100000000)
  region size 1024K, 24 young (24576K), 3 survivors (3072K)
 Metaspace       used 84673K, capacity 86734K, committed 86784K, reserved 1124352K
  class space    used 10945K, capacity 11745K, committed 11776K, reserved 1048576K
}
Event: 22.436 GC heap after
{Heap after GC invocations=41 (full 0):
 garbage-first heap   total 115712K, used 73441K [0x0000000080000000, 0x0000000100000000)
  region size 1024K, 3 young (3072K), 3 survivors (3072K)
 Metaspace       used 84673K, capacity 86734K, committed 86784K, reserved 1124352K
  class space    used 10945K, capacity 11745K, committed 11776K, reserved 1048576K
}
Event: 23.070 GC heap before
{Heap before GC invocations=41 (full 0):
 garbage-first heap   total 115712K, used 92897K [0x0000000080000000, 0x0000000100000000)
  region size 1024K, 23 young (23552K), 3 survivors (3072K)
 Metaspace       used 85062K, capacity 87111K, committed 87296K, reserved 1124352K
  class space    used 10967K, capacity 11751K, committed 11776K, reserved 1048576K
}
Event: 23.076 GC heap after
{Heap after GC invocations=42 (full 0):
 garbage-first heap   total 115712K, used 74820K [0x0000000080000000, 0x0000000100000000)
  region size 1024K, 2 young (2048K), 2 survivors (2048K)
 Metaspace       used 85062K, capacity 87111K, committed 87296K, reserved 1124352K
  class space    used 10967K, capacity 11751K, committed 11776K, reserved 1048576K
}
Event: 24.169 GC heap before
{Heap before GC invocations=43 (full 0):
 garbage-first heap   total 115712K, used 94276K [0x0000000080000000, 0x0000000100000000)
  region size 1024K, 22 young (22528K), 2 survivors (2048K)
 Metaspace       used 85249K, capacity 87325K, committed 87680K, reserved 1124352K
  class space    used 10980K, capacity 11794K, committed 11904K, reserved 1048576K
}
Event: 24.174 GC heap after
{Heap after GC invocations=44 (full 0):
 garbage-first heap   total 115712K, used 76022K [0x0000000080000000, 0x0000000100000000)
  region size 1024K, 3 young (3072K), 3 survivors (3072K)
 Metaspace       used 85249K, capacity 87325K, committed 87680K, reserved 1124352K
  class space    used 10980K, capacity 11794K, committed 11904K, reserved 1048576K
}
Event: 25.026 GC heap before
{Heap before GC invocations=44 (full 0):
 garbage-first heap   total 115712K, used 95478K [0x0000000080000000, 0x0000000100000000)
  region size 1024K, 23 young (23552K), 3 survivors (3072K)
 Metaspace       used 85289K, capacity 87334K, committed 87680K, reserved 1124352K
  class space    used 10981K, capacity 11795K, committed 11904K, reserved 1048576K
}
Event: 25.032 GC heap after
{Heap after GC invocations=45 (full 0):
 garbage-first heap   total 115712K, used 77239K [0x0000000080000000, 0x0000000100000000)
  region size 1024K, 3 young (3072K), 3 survivors (3072K)
 Metaspace       used 85289K, capacity 87334K, committed 87680K, reserved 1124352K
  class space    used 10981K, capacity 11795K, committed 11904K, reserved 1048576K
}
Event: 26.190 GC heap before
{Heap before GC invocations=46 (full 0):
 garbage-first heap   total 115712K, used 95671K [0x0000000080000000, 0x0000000100000000)
  region size 1024K, 22 young (22528K), 3 survivors (3072K)
 Metaspace       used 85316K, capacity 87341K, committed 87680K, reserved 1124352K
  class space    used 10982K, capacity 11797K, committed 11904K, reserved 1048576K
}
Event: 26.195 GC heap after
{Heap after GC invocations=47 (full 0):
 garbage-first heap   total 115712K, used 78312K [0x0000000080000000, 0x0000000100000000)
  region size 1024K, 3 young (3072K), 3 survivors (3072K)
 Metaspace       used 85316K, capacity 87341K, committed 87680K, reserved 1124352K
  class space    used 10982K, capacity 11797K, committed 11904K, reserved 1048576K
}
Event: 27.235 GC heap before
{Heap before GC invocations=47 (full 0):
 garbage-first heap   total 115712K, used 95720K [0x0000000080000000, 0x0000000100000000)
  region size 1024K, 21 young (21504K), 3 survivors (3072K)
 Metaspace       used 88132K, capacity 90256K, committed 90496K, reserved 1128448K
  class space    used 11254K, capacity 12062K, committed 12160K, reserved 1048576K
}
Event: 27.241 GC heap after
{Heap after GC invocations=48 (full 0):
 garbage-first heap   total 115712K, used 78858K [0x0000000080000000, 0x0000000100000000)
  region size 1024K, 2 young (2048K), 2 survivors (2048K)
 Metaspace       used 88132K, capacity 90256K, committed 90496K, reserved 1128448K
  class space    used 11254K, capacity 12062K, committed 12160K, reserved 1048576K
}

