Heap:
 garbage-first heap   total 96256K, used 32411K [0x0000000080000000, 0x0000000100000000)
  region size 1024K, 3 young (3072K), 3 survivors (3072K)
 Metaspace       used 48517K, capacity 49734K, committed 49792K, reserved 1099776K
  class space    used 6258K, capacity 6750K, committed 6784K, reserved 1048576K
GC Heap History (20 events):
Event: 4.517 GC heap before
{Heap before GC invocations=3 (full 0):
 garbage-first heap   total 96256K, used 47730K [0x0000000080000000, 0x0000000100000000)
  region size 1024K, 32 young (32768K), 1 survivors (1024K)
 Metaspace       used 19837K, capacity 20270K, committed 20608K, reserved 1067008K
  class space    used 2445K, capacity 2572K, committed 2688K, reserved 1048576K
}
Event: 4.519 GC heap after
{Heap after GC invocations=4 (full 0):
 garbage-first heap   total 96256K, used 17091K [0x0000000080000000, 0x0000000100000000)
  region size 1024K, 3 young (3072K), 3 survivors (3072K)
 Metaspace       used 19837K, capacity 20270K, committed 20608K, reserved 1067008K
  class space    used 2445K, capacity 2572K, committed 2688K, reserved 1048576K
}
Event: 4.619 GC heap before
{Heap before GC invocations=4 (full 0):
 garbage-first heap   total 96256K, used 21187K [0x0000000080000000, 0x0000000100000000)
  region size 1024K, 8 young (8192K), 3 survivors (3072K)
 Metaspace       used 20671K, capacity 21133K, committed 21248K, reserved 1067008K
  class space    used 2543K, capacity 2712K, committed 2816K, reserved 1048576K
}
Event: 4.622 GC heap after
{Heap after GC invocations=5 (full 0):
 garbage-first heap   total 96256K, used 17354K [0x0000000080000000, 0x0000000100000000)
  region size 1024K, 3 young (3072K), 3 survivors (3072K)
 Metaspace       used 20671K, capacity 21133K, committed 21248K, reserved 1067008K
  class space    used 2543K, capacity 2712K, committed 2816K, reserved 1048576K
}
Event: 5.405 GC heap before
{Heap before GC invocations=6 (full 0):
 garbage-first heap   total 96256K, used 54218K [0x0000000080000000, 0x0000000100000000)
  region size 1024K, 40 young (40960K), 3 survivors (3072K)
 Metaspace       used 24492K, capacity 25062K, committed 25088K, reserved 1071104K
  class space    used 3124K, capacity 3324K, committed 3328K, reserved 1048576K
}
Event: 5.408 GC heap after
{Heap after GC invocations=7 (full 0):
 garbage-first heap   total 96256K, used 18443K [0x0000000080000000, 0x0000000100000000)
  region size 1024K, 4 young (4096K), 4 survivors (4096K)
 Metaspace       used 24492K, capacity 25062K, committed 25088K, reserved 1071104K
  class space    used 3124K, capacity 3324K, committed 3328K, reserved 1048576K
}
Event: 6.350 GC heap before
{Heap before GC invocations=7 (full 0):
 garbage-first heap   total 96256K, used 59403K [0x0000000080000000, 0x0000000100000000)
  region size 1024K, 44 young (45056K), 4 survivors (4096K)
 Metaspace       used 28641K, capacity 29318K, committed 29440K, reserved 1075200K
  class space    used 3788K, capacity 4027K, committed 4096K, reserved 1048576K
}
Event: 6.354 GC heap after
{Heap after GC invocations=8 (full 0):
 garbage-first heap   total 96256K, used 20257K [0x0000000080000000, 0x0000000100000000)
  region size 1024K, 5 young (5120K), 5 survivors (5120K)
 Metaspace       used 28641K, capacity 29318K, committed 29440K, reserved 1075200K
  class space    used 3788K, capacity 4027K, committed 4096K, reserved 1048576K
}
Event: 7.394 GC heap before
{Heap before GC invocations=8 (full 0):
 garbage-first heap   total 96256K, used 53025K [0x0000000080000000, 0x0000000100000000)
  region size 1024K, 38 young (38912K), 5 survivors (5120K)
 Metaspace       used 34919K, capacity 35710K, committed 35840K, reserved 1081344K
  class space    used 4534K, capacity 4839K, committed 4864K, reserved 1048576K
}
Event: 7.402 GC heap after
{Heap after GC invocations=9 (full 0):
 garbage-first heap   total 96256K, used 22482K [0x0000000080000000, 0x0000000100000000)
  region size 1024K, 6 young (6144K), 6 survivors (6144K)
 Metaspace       used 34919K, capacity 35710K, committed 35840K, reserved 1081344K
  class space    used 4534K, capacity 4839K, committed 4864K, reserved 1048576K
}
Event: 8.065 GC heap before
{Heap before GC invocations=10 (full 0):
 garbage-first heap   total 96256K, used 66514K [0x0000000080000000, 0x0000000100000000)
  region size 1024K, 47 young (48128K), 6 survivors (6144K)
 Metaspace       used 39025K, capacity 39963K, committed 40192K, reserved 1083392K
  class space    used 4970K, capacity 5316K, committed 5376K, reserved 1048576K
}
Event: 8.071 GC heap after
{Heap after GC invocations=11 (full 0):
 garbage-first heap   total 96256K, used 26549K [0x0000000080000000, 0x0000000100000000)
  region size 1024K, 6 young (6144K), 6 survivors (6144K)
 Metaspace       used 39025K, capacity 39963K, committed 40192K, reserved 1083392K
  class space    used 4970K, capacity 5316K, committed 5376K, reserved 1048576K
}
Event: 8.781 GC heap before
{Heap before GC invocations=11 (full 0):
 garbage-first heap   total 96256K, used 68533K [0x0000000080000000, 0x0000000100000000)
  region size 1024K, 47 young (48128K), 6 survivors (6144K)
 Metaspace       used 41909K, capacity 42845K, committed 42880K, reserved 1087488K
  class space    used 5399K, capacity 5755K, committed 5760K, reserved 1048576K
}
Event: 8.790 GC heap after
{Heap after GC invocations=12 (full 0):
 garbage-first heap   total 96256K, used 29016K [0x0000000080000000, 0x0000000100000000)
  region size 1024K, 3 young (3072K), 3 survivors (3072K)
 Metaspace       used 41909K, capacity 42845K, committed 42880K, reserved 1087488K
  class space    used 5399K, capacity 5755K, committed 5760K, reserved 1048576K
}
Event: 10.194 GC heap before
{Heap before GC invocations=12 (full 0):
 garbage-first heap   total 96256K, used 71000K [0x0000000080000000, 0x0000000100000000)
  region size 1024K, 43 young (44032K), 3 survivors (3072K)
 Metaspace       used 45591K, capacity 46620K, committed 46720K, reserved 1089536K
  class space    used 5869K, capacity 6246K, committed 6272K, reserved 1048576K
}
Event: 10.198 GC heap after
{Heap after GC invocations=13 (full 0):
 garbage-first heap   total 96256K, used 29960K [0x0000000080000000, 0x0000000100000000)
  region size 1024K, 4 young (4096K), 4 survivors (4096K)
 Metaspace       used 45591K, capacity 46620K, committed 46720K, reserved 1089536K
  class space    used 5869K, capacity 6246K, committed 6272K, reserved 1048576K
}
Event: 12.024 GC heap before
{Heap before GC invocations=13 (full 0):
 garbage-first heap   total 96256K, used 71944K [0x0000000080000000, 0x0000000100000000)
  region size 1024K, 45 young (46080K), 4 survivors (4096K)
 Metaspace       used 48218K, capacity 49431K, committed 49536K, reserved 1091584K
  class space    used 6211K, capacity 6682K, committed 6784K, reserved 1048576K
}
Event: 12.030 GC heap after
{Heap after GC invocations=14 (full 0):
 garbage-first heap   total 96256K, used 32087K [0x0000000080000000, 0x0000000100000000)
  region size 1024K, 4 young (4096K), 4 survivors (4096K)
 Metaspace       used 48218K, capacity 49431K, committed 49536K, reserved 1091584K
  class space    used 6211K, capacity 6682K, committed 6784K, reserved 1048576K
}
Event: 12.150 GC heap before
{Heap before GC invocations=14 (full 0):
 garbage-first heap   total 96256K, used 34135K [0x0000000080000000, 0x0000000100000000)
  region size 1024K, 7 young (7168K), 4 survivors (4096K)
 Metaspace       used 48517K, capacity 49734K, committed 49792K, reserved 1097728K
  class space    used 6258K, capacity 6750K, committed 6784K, reserved 1048576K
}
Event: 12.159 GC heap after
{Heap after GC invocations=15 (full 0):
 garbage-first heap   total 96256K, used 32411K [0x0000000080000000, 0x0000000100000000)
  region size 1024K, 3 young (3072K), 3 survivors (3072K)
 Metaspace       used 48517K, capacity 49734K, committed 49792K, reserved 1097728K
  class space    used 6258K, capacity 6750K, committed 6784K, reserved 1048576K
}

